<?xml version="1.0" encoding="UTF-8"?>
<testsuite name="com.ugrckl.chessdemo.PawnTest" tests="2" skipped="0" failures="0" errors="0" timestamp="2022-07-21T13:53:32" hostname="LAPTOP-4FTIDPJJ" time="0.019">
  <properties/>
  <testcase name="pawnCanMoveTwoForwardOnFirstMove()" classname="com.ugrckl.chessdemo.PawnTest" time="0.016"/>
  <testcase name="pawnCanMoveOneForward()" classname="com.ugrckl.chessdemo.PawnTest" time="0.002"/>
  <system-out><![CDATA[]]></system-out>
  <system-err><![CDATA[]]></system-err>
</testsuite>
